<?xml version="1.0" encoding="UTF-8"?>
<testng-results skipped="0" failed="0" ignored="0" total="1" passed="1">
  <reporter-output>
  </reporter-output>
  <suite name="Default suite" duration-ms="15460" started-at="2019-10-24T06:43:10Z" finished-at="2019-10-24T06:43:26Z">
    <groups>
    </groups>
    <test name="Default test" duration-ms="15460" started-at="2019-10-24T06:43:10Z" finished-at="2019-10-24T06:43:26Z">
      <class name="testcase.TC001">
        <test-method status="PASS" signature="setupChromeDriver()[pri:0, instance:testcase.TC001@14b1c02]" name="setupChromeDriver" is-config="true" duration-ms="26688" started-at="2019-10-24T06:42:44Z" finished-at="2019-10-24T06:43:10Z">
          <reporter-output>
          </reporter-output>
        </test-method> <!-- setupChromeDriver -->
        <test-method status="PASS" signature="login()[pri:0, instance:testcase.TC001@14b1c02]" name="login" duration-ms="15394" started-at="2019-10-24T06:43:11Z" finished-at="2019-10-24T06:43:26Z">
          <reporter-output>
          </reporter-output>
        </test-method> <!-- login -->
      </class> <!-- testcase.TC001 -->
    </test> <!-- Default test -->
  </suite> <!-- Default suite -->
</testng-results>
